mode: atomic
github.com/aQuaYi/stub/env.go:6.31,8.2 1 0
github.com/aQuaYi/stub/env.go:10.39,11.29 1 5
github.com/aQuaYi/stub/env.go:11.29,14.3 2 3
github.com/aQuaYi/stub/env.go:18.42,22.2 3 5
github.com/aQuaYi/stub/env.go:25.43,30.2 3 0
github.com/aQuaYi/stub/func.go:12.59,14.2 1 10
github.com/aQuaYi/stub/func.go:20.81,23.45 2 12
github.com/aQuaYi/stub/func.go:26.2,27.39 2 10
github.com/aQuaYi/stub/func.go:32.2,32.88 1 9
github.com/aQuaYi/stub/func.go:23.45,24.65 1 2
github.com/aQuaYi/stub/func.go:27.39,29.37 1 1
github.com/aQuaYi/stub/func.go:36.81,38.28 2 9
github.com/aQuaYi/stub/func.go:55.2,55.76 1 9
github.com/aQuaYi/stub/func.go:38.28,40.15 2 11
github.com/aQuaYi/stub/func.go:53.3,53.48 1 11
github.com/aQuaYi/stub/func.go:40.15,43.4 1 2
github.com/aQuaYi/stub/func.go:43.9,52.4 3 9
github.com/aQuaYi/stub/func.go:55.76,57.3 1 9
github.com/aQuaYi/stub/restore.go:6.27,9.2 2 5
github.com/aQuaYi/stub/restore.go:11.31,12.36 1 5
github.com/aQuaYi/stub/restore.go:12.36,15.3 2 6
github.com/aQuaYi/stub/restore.go:18.30,19.27 1 5
github.com/aQuaYi/stub/restore.go:19.27,20.18 1 3
github.com/aQuaYi/stub/restore.go:20.18,22.4 1 2
github.com/aQuaYi/stub/restore.go:22.9,24.4 1 1
github.com/aQuaYi/stub/stubber.go:36.24,48.2 1 21
github.com/aQuaYi/stub/var.go:8.58,10.2 1 10
github.com/aQuaYi/stub/var.go:15.57,20.36 3 34
github.com/aQuaYi/stub/var.go:24.2,24.29 1 33
github.com/aQuaYi/stub/var.go:30.2,31.10 2 33
github.com/aQuaYi/stub/var.go:20.36,21.56 1 1
github.com/aQuaYi/stub/var.go:24.29,28.3 1 18
